<?xml version="1.0" encoding="UTF-8"?>
<!-- Generated by org.testng.reporters.JUnitReportReporter -->
<testsuite skipped="0" hostname="Ashwini-PC" name="Package2.MvnProject2.AmazonLogin" tests="1" failures="0" timestamp="2020-04-23T19:12:45 IST" time="42.781" errors="0">
  <testcase name="Login" time="42.781" classname="Package2.MvnProject2.AmazonLogin"/>
  <system-out/>
</testsuite> <!-- Package2.MvnProject2.AmazonLogin -->
