<?xml version="1.0" encoding="UTF-8"?>
<!-- Generated by org.testng.reporters.JUnitReportReporter -->
<testsuite skipped="0" hostname="Ashwini-PC" name="Package2.MvnProject2.WayFairFooterAboutUs" tests="1" failures="0" timestamp="2020-04-23T17:56:43 IST" time="56.715" errors="0">
  <testcase name="FooterAboutUsLinks" time="56.715" classname="Package2.MvnProject2.WayFairFooterAboutUs"/>
  <system-out/>
</testsuite> <!-- Package2.MvnProject2.WayFairFooterAboutUs -->
