<?xml version="1.0" encoding="UTF-8"?>
<!-- Generated by org.testng.reporters.JUnitReportReporter -->
<testsuite skipped="0" hostname="Ashwini-PC" name="Package2.MvnProject2.RestAPITest" tests="2" failures="0" timestamp="2020-04-22T23:28:27 IST" time="0.066" errors="0">
  <testcase name="postJira" time="0.005" classname="Package2.MvnProject2.RestAPITest"/>
  <system-out/>
  <testcase name="deleteTwitter" time="0.061" classname="Package2.MvnProject2.RestAPITest"/>
  <system-out/>
</testsuite> <!-- Package2.MvnProject2.RestAPITest -->
