<?xml version="1.0" encoding="UTF-8"?>
<!-- Generated by org.testng.reporters.JUnitReportReporter -->
<testsuite skipped="0" hostname="Ashwini-PC" name="Package2.MvnProject2.NewTwo" tests="1" failures="0" timestamp="2020-04-20T09:18:09 IST" time="0.029" errors="0">
  <testcase name="m2" time="0.029" classname="Package2.MvnProject2.NewTwo"/>
  <system-out/>
</testsuite> <!-- Package2.MvnProject2.NewTwo -->
