<?xml version="1.0" encoding="UTF-8"?>
<!-- Generated by org.testng.reporters.JUnitReportReporter -->
<testsuite skipped="0" hostname="Ashwini-PC" name="FBTestCases.TC_LoginFlow" tests="1" failures="0" timestamp="2020-04-25T12:19:13 IST" time="27.950" errors="0">
  <testcase name="Login" time="27.950" classname="FBTestCases.TC_LoginFlow"/>
  <system-out/>
</testsuite> <!-- FBTestCases.TC_LoginFlow -->
