<?xml version="1.0" encoding="UTF-8"?>
<!-- Generated by org.testng.reporters.JUnitReportReporter -->
<testsuite skipped="0" hostname="Ashwini-PC" name="Package2.MvnProject2.AppiumTest" tests="2" failures="0" timestamp="2020-04-21T15:19:25 IST" time="0.024" errors="0">
  <testcase name="nativeApp" time="0.005" classname="Package2.MvnProject2.AppiumTest"/>
  <system-out/>
  <testcase name="IOSApp" time="0.019" classname="Package2.MvnProject2.AppiumTest"/>
  <system-out/>
</testsuite> <!-- Package2.MvnProject2.AppiumTest -->
