<?xml version="1.0" encoding="UTF-8"?>
<!-- Generated by org.testng.reporters.JUnitReportReporter -->
<testsuite skipped="0" hostname="Ashwini-PC" name="Package2.MvnProject2.SeleniumTest" tests="2" failures="0" timestamp="2020-04-24T23:34:08 IST" time="0.100" errors="0">
  <testcase name="BrowserAutomation" time="0.095" classname="Package2.MvnProject2.SeleniumTest"/>
  <system-out/>
  <testcase name="elementsUI" time="0.005" classname="Package2.MvnProject2.SeleniumTest"/>
  <system-out/>
</testsuite> <!-- Package2.MvnProject2.SeleniumTest -->
