<?xml version="1.0" encoding="UTF-8"?>
<!-- Generated by org.testng.reporters.JUnitReportReporter -->
<testsuite skipped="0" hostname="Ashwini-PC" name="Package2.MvnProject2.NewTwoTest" tests="1" failures="0" timestamp="2020-04-21T15:19:25 IST" time="0.005" errors="0">
  <testcase name="m2" time="0.005" classname="Package2.MvnProject2.NewTwoTest"/>
  <system-out/>
</testsuite> <!-- Package2.MvnProject2.NewTwoTest -->
