<?xml version="1.0" encoding="UTF-8"?>
<!-- Generated by org.testng.reporters.JUnitReportReporter -->
<testsuite skipped="0" hostname="Ashwini-PC" name="Package2.MvnProject2.SeleniumTest" tests="2" failures="0" timestamp="2020-04-20T13:03:12 IST" time="0.002" errors="0">
  <testcase name="elementsUI" time="0.001" classname="Package2.MvnProject2.SeleniumTest"/>
  <system-out/>
  <testcase name="BrowserAutomation" time="0.001" classname="Package2.MvnProject2.SeleniumTest"/>
  <system-out/>
</testsuite> <!-- Package2.MvnProject2.SeleniumTest -->
