<?xml version="1.0" encoding="UTF-8"?>
<!-- Generated by org.testng.reporters.JUnitReportReporter -->
<testsuite skipped="0" hostname="Ashwini-PC" name="Package2.MvnProject2.RestAPITest" tests="2" failures="0" timestamp="2020-04-20T13:03:12 IST" time="0.028" errors="0">
  <testcase name="postJira" time="0.001" classname="Package2.MvnProject2.RestAPITest"/>
  <system-out/>
  <testcase name="deleteTwitter" time="0.027" classname="Package2.MvnProject2.RestAPITest"/>
  <system-out/>
</testsuite> <!-- Package2.MvnProject2.RestAPITest -->
